<?xml version="1.0" encoding="UTF-8"?>
<coverage generated="1774048598492" clover="3.2.0">
  <project timestamp="1774048598492" name="All files">
    <metrics statements="53" coveredstatements="48" conditionals="32" coveredconditionals="25" methods="18" coveredmethods="16" elements="103" coveredelements="89" complexity="0" loc="53" ncloc="53" packages="2" files="4" classes="4"/>
    <package name="services">
      <metrics statements="15" coveredstatements="10" conditionals="16" coveredconditionals="9" methods="7" coveredmethods="5"/>
      <file name="players.ts" path="/Users/cmateos/Desktop/tupachangaapp-futbol-tracker/services/players.ts">
        <metrics statements="15" coveredstatements="10" conditionals="16" coveredconditionals="9" methods="7" coveredmethods="5"/>
        <line num="16" count="1" type="stmt"/>
        <line num="32" count="3" type="stmt"/>
        <line num="37" count="3" type="cond" truecount="2" falsecount="0"/>
        <line num="38" count="2" type="cond" truecount="2" falsecount="0"/>
        <line num="43" count="0" type="stmt"/>
        <line num="48" count="0" type="cond" truecount="0" falsecount="2"/>
        <line num="49" count="0" type="cond" truecount="0" falsecount="2"/>
        <line num="54" count="3" type="stmt"/>
        <line num="60" count="3" type="cond" truecount="2" falsecount="0"/>
        <line num="73" count="3" type="stmt"/>
        <line num="81" count="3" type="cond" truecount="2" falsecount="0"/>
        <line num="88" count="0" type="stmt"/>
        <line num="89" count="0" type="cond" truecount="0" falsecount="2"/>
        <line num="93" count="1" type="stmt"/>
        <line num="94" count="1" type="cond" truecount="1" falsecount="1"/>
      </file>
    </package>
    <package name="utils">
      <metrics statements="38" coveredstatements="38" conditionals="16" coveredconditionals="16" methods="11" coveredmethods="11"/>
      <file name="date.ts" path="/Users/cmateos/Desktop/tupachangaapp-futbol-tracker/utils/date.ts">
        <metrics statements="3" coveredstatements="3" conditionals="0" coveredconditionals="0" methods="1" coveredmethods="1"/>
        <line num="2" count="1" type="stmt"/>
        <line num="5" count="7" type="stmt"/>
        <line num="6" count="7" type="stmt"/>
      </file>
      <file name="positions.ts" path="/Users/cmateos/Desktop/tupachangaapp-futbol-tracker/utils/positions.ts">
        <metrics statements="4" coveredstatements="4" conditionals="4" coveredconditionals="4" methods="2" coveredmethods="2"/>
        <line num="12" count="1" type="stmt"/>
        <line num="21" count="1" type="stmt"/>
        <line num="22" count="4" type="stmt"/>
        <line num="27" count="5" type="cond" truecount="4" falsecount="0"/>
      </file>
      <file name="teamBalance.ts" path="/Users/cmateos/Desktop/tupachangaapp-futbol-tracker/utils/teamBalance.ts">
        <metrics statements="31" coveredstatements="31" conditionals="12" coveredconditionals="12" methods="8" coveredmethods="8"/>
        <line num="9" count="56" type="stmt"/>
        <line num="10" count="1708" type="stmt"/>
        <line num="11" count="1708" type="stmt"/>
        <line num="12" count="224" type="stmt"/>
        <line num="25" count="123" type="stmt"/>
        <line num="26" count="5" type="stmt"/>
        <line num="27" count="5" type="stmt"/>
        <line num="28" count="5" type="stmt"/>
        <line num="29" count="5" type="stmt"/>
        <line num="31" count="5" type="stmt"/>
        <line num="32" count="56" type="cond" truecount="2" falsecount="0"/>
        <line num="33" count="28" type="stmt"/>
        <line num="34" count="28" type="stmt"/>
        <line num="36" count="28" type="stmt"/>
        <line num="37" count="28" type="stmt"/>
        <line num="41" count="5" type="stmt"/>
        <line num="42" count="5" type="stmt"/>
        <line num="43" count="9" type="stmt"/>
        <line num="44" count="9" type="stmt"/>
        <line num="45" count="9" type="cond" truecount="2" falsecount="0"/>
        <line num="46" count="36" type="cond" truecount="2" falsecount="0"/>
        <line num="47" count="228" type="cond" truecount="2" falsecount="0"/>
        <line num="48" count="47" type="stmt"/>
        <line num="49" count="47" type="stmt"/>
        <line num="50" count="47" type="cond" truecount="2" falsecount="0"/>
        <line num="51" count="4" type="stmt"/>
        <line num="52" count="4" type="stmt"/>
        <line num="53" count="4" type="stmt"/>
        <line num="59" count="5" type="stmt"/>
        <line num="64" count="4" type="cond" truecount="2" falsecount="0"/>
        <line num="65" count="6" type="stmt"/>
      </file>
    </package>
  </project>
</coverage>
