{"/Users/cmateos/Desktop/tupachangaapp-futbol-tracker/services/players.ts": {"path":"/Users/cmateos/Desktop/tupachangaapp-futbol-tracker/services/players.ts","statementMap":{"0":{"start":{"line":16,"column":2},"end":{"line":23,"column":3}},"1":{"start":{"line":32,"column":26},"end":{"line":36,"column":18}},"2":{"start":{"line":37,"column":2},"end":{"line":37,"column":24}},"3":{"start":{"line":37,"column":13},"end":{"line":37,"column":24}},"4":{"start":{"line":38,"column":2},"end":{"line":38,"column":36}},"5":{"start":{"line":43,"column":26},"end":{"line":47,"column":46}},"6":{"start":{"line":48,"column":2},"end":{"line":48,"column":24}},"7":{"start":{"line":48,"column":13},"end":{"line":48,"column":24}},"8":{"start":{"line":49,"column":2},"end":{"line":49,"column":36}},"9":{"start":{"line":54,"column":19},"end":{"line":59,"column":13}},"10":{"start":{"line":60,"column":2},"end":{"line":60,"column":32}},"11":{"start":{"line":73,"column":20},"end":{"line":80,"column":4}},"12":{"start":{"line":81,"column":2},"end":{"line":81,"column":24}},"13":{"start":{"line":81,"column":13},"end":{"line":81,"column":24}},"14":{"start":{"line":88,"column":20},"end":{"line":88,"column":76}},"15":{"start":{"line":89,"column":2},"end":{"line":89,"column":24}},"16":{"start":{"line":89,"column":13},"end":{"line":89,"column":24}},"17":{"start":{"line":93,"column":20},"end":{"line":93,"column":72}},"18":{"start":{"line":94,"column":2},"end":{"line":94,"column":24}},"19":{"start":{"line":94,"column":13},"end":{"line":94,"column":24}}},"fnMap":{"0":{"name":"mapPlayer","decl":{"start":{"line":15,"column":9},"end":{"line":15,"column":18}},"loc":{"start":{"line":15,"column":35},"end":{"line":24,"column":1}},"line":15},"1":{"name":"fetchPlayersByName","decl":{"start":{"line":31,"column":22},"end":{"line":31,"column":40}},"loc":{"start":{"line":31,"column":76},"end":{"line":39,"column":1}},"line":31},"2":{"name":"fetchPlayersRecent","decl":{"start":{"line":42,"column":22},"end":{"line":42,"column":40}},"loc":{"start":{"line":42,"column":76},"end":{"line":50,"column":1}},"line":42},"3":{"name":"playerNameExists","decl":{"start":{"line":53,"column":22},"end":{"line":53,"column":38}},"loc":{"start":{"line":53,"column":87},"end":{"line":61,"column":1}},"line":53},"4":{"name":"insertPlayer","decl":{"start":{"line":67,"column":22},"end":{"line":67,"column":34}},"loc":{"start":{"line":72,"column":17},"end":{"line":82,"column":1}},"line":72},"5":{"name":"updatePlayer","decl":{"start":{"line":84,"column":22},"end":{"line":84,"column":34}},"loc":{"start":{"line":87,"column":17},"end":{"line":90,"column":1}},"line":87},"6":{"name":"deletePlayer","decl":{"start":{"line":92,"column":22},"end":{"line":92,"column":34}},"loc":{"start":{"line":92,"column":62},"end":{"line":95,"column":1}},"line":92}},"branchMap":{"0":{"loc":{"start":{"line":37,"column":2},"end":{"line":37,"column":24}},"type":"if","locations":[{"start":{"line":37,"column":2},"end":{"line":37,"column":24}},{"start":{},"end":{}}],"line":37},"1":{"loc":{"start":{"line":38,"column":10},"end":{"line":38,"column":20}},"type":"binary-expr","locations":[{"start":{"line":38,"column":10},"end":{"line":38,"column":14}},{"start":{"line":38,"column":18},"end":{"line":38,"column":20}}],"line":38},"2":{"loc":{"start":{"line":48,"column":2},"end":{"line":48,"column":24}},"type":"if","locations":[{"start":{"line":48,"column":2},"end":{"line":48,"column":24}},{"start":{},"end":{}}],"line":48},"3":{"loc":{"start":{"line":49,"column":10},"end":{"line":49,"column":20}},"type":"binary-expr","locations":[{"start":{"line":49,"column":10},"end":{"line":49,"column":14}},{"start":{"line":49,"column":18},"end":{"line":49,"column":20}}],"line":49},"4":{"loc":{"start":{"line":60,"column":10},"end":{"line":60,"column":27}},"type":"binary-expr","locations":[{"start":{"line":60,"column":10},"end":{"line":60,"column":22}},{"start":{"line":60,"column":26},"end":{"line":60,"column":27}}],"line":60},"5":{"loc":{"start":{"line":81,"column":2},"end":{"line":81,"column":24}},"type":"if","locations":[{"start":{"line":81,"column":2},"end":{"line":81,"column":24}},{"start":{},"end":{}}],"line":81},"6":{"loc":{"start":{"line":89,"column":2},"end":{"line":89,"column":24}},"type":"if","locations":[{"start":{"line":89,"column":2},"end":{"line":89,"column":24}},{"start":{},"end":{}}],"line":89},"7":{"loc":{"start":{"line":94,"column":2},"end":{"line":94,"column":24}},"type":"if","locations":[{"start":{"line":94,"column":2},"end":{"line":94,"column":24}},{"start":{},"end":{}}],"line":94}},"s":{"0":1,"1":3,"2":3,"3":1,"4":2,"5":0,"6":0,"7":0,"8":0,"9":3,"10":3,"11":3,"12":3,"13":1,"14":0,"15":0,"16":0,"17":1,"18":1,"19":0},"f":{"0":1,"1":3,"2":0,"3":3,"4":3,"5":0,"6":1},"b":{"0":[1,2],"1":[2,1],"2":[0,0],"3":[0,0],"4":[3,1],"5":[1,2],"6":[0,0],"7":[0,1]},"_coverageSchema":"1a1c01bbd47fc00a2c39e90264f33305004495a9","hash":"a1c18eb61736ce2b15c54458c7ffba4c6023cb95"}
,"/Users/cmateos/Desktop/tupachangaapp-futbol-tracker/utils/date.ts": {"path":"/Users/cmateos/Desktop/tupachangaapp-futbol-tracker/utils/date.ts","statementMap":{"0":{"start":{"line":2,"column":15},"end":{"line":2,"column":99}},"1":{"start":{"line":5,"column":20},"end":{"line":5,"column":38}},"2":{"start":{"line":6,"column":2},"end":{"line":6,"column":51}}},"fnMap":{"0":{"name":"formatDate","decl":{"start":{"line":4,"column":16},"end":{"line":4,"column":26}},"loc":{"start":{"line":4,"column":52},"end":{"line":7,"column":1}},"line":4}},"branchMap":{},"s":{"0":1,"1":7,"2":7},"f":{"0":7},"b":{},"_coverageSchema":"1a1c01bbd47fc00a2c39e90264f33305004495a9","hash":"62c99221cf39828f418841d2f97aff46d9103636"}
,"/Users/cmateos/Desktop/tupachangaapp-futbol-tracker/utils/positions.ts": {"path":"/Users/cmateos/Desktop/tupachangaapp-futbol-tracker/utils/positions.ts","statementMap":{"0":{"start":{"line":12,"column":6},"end":{"line":17,"column":1}},"1":{"start":{"line":21,"column":2},"end":{"line":23,"column":57}},"2":{"start":{"line":22,"column":25},"end":{"line":22,"column":68}},"3":{"start":{"line":27,"column":2},"end":{"line":27,"column":63}}},"fnMap":{"0":{"name":"(anonymous_0)","decl":{"start":{"line":22,"column":18},"end":{"line":22,"column":19}},"loc":{"start":{"line":22,"column":25},"end":{"line":22,"column":68}},"line":22},"1":{"name":"getPositionInfo","decl":{"start":{"line":26,"column":16},"end":{"line":26,"column":31}},"loc":{"start":{"line":26,"column":94},"end":{"line":28,"column":1}},"line":26}},"branchMap":{"0":{"loc":{"start":{"line":27,"column":9},"end":{"line":27,"column":63}},"type":"cond-expr","locations":[{"start":{"line":27,"column":16},"end":{"line":27,"column":55}},{"start":{"line":27,"column":59},"end":{"line":27,"column":63}}],"line":27},"1":{"loc":{"start":{"line":27,"column":16},"end":{"line":27,"column":55}},"type":"binary-expr","locations":[{"start":{"line":27,"column":16},"end":{"line":27,"column":47}},{"start":{"line":27,"column":51},"end":{"line":27,"column":55}}],"line":27}},"s":{"0":1,"1":1,"2":4,"3":5},"f":{"0":4,"1":5},"b":{"0":[3,2],"1":[3,1]},"_coverageSchema":"1a1c01bbd47fc00a2c39e90264f33305004495a9","hash":"8d8c40e92b1a10a27a28a67aae6bbb435131151c"}
,"/Users/cmateos/Desktop/tupachangaapp-futbol-tracker/utils/teamBalance.ts": {"path":"/Users/cmateos/Desktop/tupachangaapp-futbol-tracker/utils/teamBalance.ts","statementMap":{"0":{"start":{"line":9,"column":2},"end":{"line":13,"column":7}},"1":{"start":{"line":10,"column":15},"end":{"line":10,"column":61}},"2":{"start":{"line":10,"column":35},"end":{"line":10,"column":53}},"3":{"start":{"line":11,"column":15},"end":{"line":11,"column":61}},"4":{"start":{"line":11,"column":35},"end":{"line":11,"column":53}},"5":{"start":{"line":12,"column":4},"end":{"line":12,"column":36}},"6":{"start":{"line":25,"column":17},"end":{"line":25,"column":63}},"7":{"start":{"line":25,"column":45},"end":{"line":25,"column":62}},"8":{"start":{"line":26,"column":24},"end":{"line":26,"column":26}},"9":{"start":{"line":27,"column":24},"end":{"line":27,"column":26}},"10":{"start":{"line":28,"column":13},"end":{"line":28,"column":14}},"11":{"start":{"line":29,"column":13},"end":{"line":29,"column":14}},"12":{"start":{"line":31,"column":2},"end":{"line":39,"column":3}},"13":{"start":{"line":32,"column":4},"end":{"line":38,"column":5}},"14":{"start":{"line":33,"column":6},"end":{"line":33,"column":24}},"15":{"start":{"line":34,"column":6},"end":{"line":34,"column":26}},"16":{"start":{"line":36,"column":6},"end":{"line":36,"column":24}},"17":{"start":{"line":37,"column":6},"end":{"line":37,"column":26}},"18":{"start":{"line":41,"column":17},"end":{"line":41,"column":21}},"19":{"start":{"line":42,"column":2},"end":{"line":57,"column":3}},"20":{"start":{"line":43,"column":4},"end":{"line":43,"column":20}},"21":{"start":{"line":44,"column":21},"end":{"line":44,"column":47}},"22":{"start":{"line":45,"column":4},"end":{"line":56,"column":5}},"23":{"start":{"line":45,"column":17},"end":{"line":45,"column":18}},"24":{"start":{"line":46,"column":6},"end":{"line":55,"column":7}},"25":{"start":{"line":46,"column":19},"end":{"line":46,"column":20}},"26":{"start":{"line":47,"column":8},"end":{"line":47,"column":55}},"27":{"start":{"line":47,"column":47},"end":{"line":47,"column":55}},"28":{"start":{"line":48,"column":21},"end":{"line":48,"column":31}},"29":{"start":{"line":48,"column":33},"end":{"line":48,"column":51}},"30":{"start":{"line":49,"column":21},"end":{"line":49,"column":31}},"31":{"start":{"line":49,"column":33},"end":{"line":49,"column":51}},"32":{"start":{"line":50,"column":8},"end":{"line":54,"column":9}},"33":{"start":{"line":51,"column":10},"end":{"line":51,"column":22}},"34":{"start":{"line":52,"column":10},"end":{"line":52,"column":22}},"35":{"start":{"line":53,"column":10},"end":{"line":53,"column":25}},"36":{"start":{"line":59,"column":2},"end":{"line":59,"column":25}},"37":{"start":{"line":64,"column":2},"end":{"line":64,"column":35}},"38":{"start":{"line":64,"column":23},"end":{"line":64,"column":35}},"39":{"start":{"line":65,"column":2},"end":{"line":65,"column":83}},"40":{"start":{"line":65,"column":37},"end":{"line":65,"column":50}}},"fnMap":{"0":{"name":"posImbalance","decl":{"start":{"line":8,"column":9},"end":{"line":8,"column":21}},"loc":{"start":{"line":8,"column":64},"end":{"line":14,"column":1}},"line":8},"1":{"name":"(anonymous_1)","decl":{"start":{"line":9,"column":43},"end":{"line":9,"column":44}},"loc":{"start":{"line":9,"column":59},"end":{"line":13,"column":3}},"line":9},"2":{"name":"(anonymous_2)","decl":{"start":{"line":10,"column":28},"end":{"line":10,"column":29}},"loc":{"start":{"line":10,"column":35},"end":{"line":10,"column":53}},"line":10},"3":{"name":"(anonymous_3)","decl":{"start":{"line":11,"column":28},"end":{"line":11,"column":29}},"loc":{"start":{"line":11,"column":35},"end":{"line":11,"column":53}},"line":11},"4":{"name":"balanceTeams","decl":{"start":{"line":24,"column":16},"end":{"line":24,"column":28}},"loc":{"start":{"line":24,"column":86},"end":{"line":60,"column":1}},"line":24},"5":{"name":"(anonymous_5)","decl":{"start":{"line":25,"column":35},"end":{"line":25,"column":36}},"loc":{"start":{"line":25,"column":45},"end":{"line":25,"column":62}},"line":25},"6":{"name":"avgSkill","decl":{"start":{"line":63,"column":16},"end":{"line":63,"column":24}},"loc":{"start":{"line":63,"column":52},"end":{"line":66,"column":1}},"line":63},"7":{"name":"(anonymous_7)","decl":{"start":{"line":65,"column":25},"end":{"line":65,"column":26}},"loc":{"start":{"line":65,"column":37},"end":{"line":65,"column":50}},"line":65}},"branchMap":{"0":{"loc":{"start":{"line":32,"column":4},"end":{"line":38,"column":5}},"type":"if","locations":[{"start":{"line":32,"column":4},"end":{"line":38,"column":5}},{"start":{"line":35,"column":11},"end":{"line":38,"column":5}}],"line":32},"1":{"loc":{"start":{"line":45,"column":20},"end":{"line":45,"column":49}},"type":"binary-expr","locations":[{"start":{"line":45,"column":20},"end":{"line":45,"column":36}},{"start":{"line":45,"column":40},"end":{"line":45,"column":49}}],"line":45},"2":{"loc":{"start":{"line":46,"column":22},"end":{"line":46,"column":51}},"type":"binary-expr","locations":[{"start":{"line":46,"column":22},"end":{"line":46,"column":38}},{"start":{"line":46,"column":42},"end":{"line":46,"column":51}}],"line":46},"3":{"loc":{"start":{"line":47,"column":8},"end":{"line":47,"column":55}},"type":"if","locations":[{"start":{"line":47,"column":8},"end":{"line":47,"column":55}},{"start":{},"end":{}}],"line":47},"4":{"loc":{"start":{"line":50,"column":8},"end":{"line":54,"column":9}},"type":"if","locations":[{"start":{"line":50,"column":8},"end":{"line":54,"column":9}},{"start":{},"end":{}}],"line":50},"5":{"loc":{"start":{"line":64,"column":2},"end":{"line":64,"column":35}},"type":"if","locations":[{"start":{"line":64,"column":2},"end":{"line":64,"column":35}},{"start":{},"end":{}}],"line":64}},"s":{"0":56,"1":224,"2":1708,"3":224,"4":1708,"5":224,"6":5,"7":123,"8":5,"9":5,"10":5,"11":5,"12":5,"13":56,"14":28,"15":28,"16":28,"17":28,"18":5,"19":5,"20":9,"21":9,"22":9,"23":9,"24":36,"25":36,"26":228,"27":181,"28":47,"29":47,"30":47,"31":47,"32":47,"33":4,"34":4,"35":4,"36":5,"37":4,"38":1,"39":3,"40":6},"f":{"0":56,"1":224,"2":1708,"3":1708,"4":5,"5":123,"6":4,"7":6},"b":{"0":[28,28],"1":[45,40],"2":[264,232],"3":[181,47],"4":[4,43],"5":[1,3]},"_coverageSchema":"1a1c01bbd47fc00a2c39e90264f33305004495a9","hash":"111881310130cd9d92f5f67edecab1e9358c61c6"}
}
