TN:
SF:services/players.ts
FN:15,mapPlayer
FN:31,fetchPlayersByName
FN:42,fetchPlayersRecent
FN:53,playerNameExists
FN:67,insertPlayer
FN:84,updatePlayer
FN:92,deletePlayer
FNF:7
FNH:5
FNDA:1,mapPlayer
FNDA:3,fetchPlayersByName
FNDA:0,fetchPlayersRecent
FNDA:3,playerNameExists
FNDA:3,insertPlayer
FNDA:0,updatePlayer
FNDA:1,deletePlayer
DA:16,1
DA:32,3
DA:37,3
DA:38,2
DA:43,0
DA:48,0
DA:49,0
DA:54,3
DA:60,3
DA:73,3
DA:81,3
DA:88,0
DA:89,0
DA:93,1
DA:94,1
LF:15
LH:10
BRDA:37,0,0,1
BRDA:37,0,1,2
BRDA:38,1,0,2
BRDA:38,1,1,1
BRDA:48,2,0,0
BRDA:48,2,1,0
BRDA:49,3,0,0
BRDA:49,3,1,0
BRDA:60,4,0,3
BRDA:60,4,1,1
BRDA:81,5,0,1
BRDA:81,5,1,2
BRDA:89,6,0,0
BRDA:89,6,1,0
BRDA:94,7,0,0
BRDA:94,7,1,1
BRF:16
BRH:9
end_of_record
TN:
SF:utils/date.ts
FN:4,formatDate
FNF:1
FNH:1
FNDA:7,formatDate
DA:2,1
DA:5,7
DA:6,7
LF:3
LH:3
BRF:0
BRH:0
end_of_record
TN:
SF:utils/positions.ts
FN:22,(anonymous_0)
FN:26,getPositionInfo
FNF:2
FNH:2
FNDA:4,(anonymous_0)
FNDA:5,getPositionInfo
DA:12,1
DA:21,1
DA:22,4
DA:27,5
LF:4
LH:4
BRDA:27,0,0,3
BRDA:27,0,1,2
BRDA:27,1,0,3
BRDA:27,1,1,1
BRF:4
BRH:4
end_of_record
TN:
SF:utils/teamBalance.ts
FN:8,posImbalance
FN:9,(anonymous_1)
FN:10,(anonymous_2)
FN:11,(anonymous_3)
FN:24,balanceTeams
FN:25,(anonymous_5)
FN:63,avgSkill
FN:65,(anonymous_7)
FNF:8
FNH:8
FNDA:56,posImbalance
FNDA:224,(anonymous_1)
FNDA:1708,(anonymous_2)
FNDA:1708,(anonymous_3)
FNDA:5,balanceTeams
FNDA:123,(anonymous_5)
FNDA:4,avgSkill
FNDA:6,(anonymous_7)
DA:9,56
DA:10,1708
DA:11,1708
DA:12,224
DA:25,123
DA:26,5
DA:27,5
DA:28,5
DA:29,5
DA:31,5
DA:32,56
DA:33,28
DA:34,28
DA:36,28
DA:37,28
DA:41,5
DA:42,5
DA:43,9
DA:44,9
DA:45,9
DA:46,36
DA:47,228
DA:48,47
DA:49,47
DA:50,47
DA:51,4
DA:52,4
DA:53,4
DA:59,5
DA:64,4
DA:65,6
LF:31
LH:31
BRDA:32,0,0,28
BRDA:32,0,1,28
BRDA:45,1,0,45
BRDA:45,1,1,40
BRDA:46,2,0,264
BRDA:46,2,1,232
BRDA:47,3,0,181
BRDA:47,3,1,47
BRDA:50,4,0,4
BRDA:50,4,1,43
BRDA:64,5,0,1
BRDA:64,5,1,3
BRF:12
BRH:12
end_of_record
